<?xml version="1.0" encoding="UTF-8"?>
<!-- Generated by org.testng.reporters.JUnitReportReporter -->
<testsuite skipped="0" hostname="DESKTOP-5SL4C2D" name="com.training.sanity.tests.LaunchApplication" tests="2" failures="0" timestamp="03 Jan 2019 07:20:34 GMT" time="6.913" errors="0">
  <testcase name="launchApplication" time="3.291" classname="com.training.sanity.tests.LaunchApplication"/>
  <testcase name="launchApplication" time="3.622" classname="com.training.sanity.tests.LaunchApplication"/>
</testsuite> <!-- com.training.sanity.tests.LaunchApplication -->
