<?xml version="1.0" encoding="UTF-8"?>
<!-- Generated by org.testng.reporters.JUnitReportReporter -->
<testsuite skipped="0" hostname="DESKTOP-5SL4C2D" name="com.training.sanity.tests.LoginTests" tests="1" failures="0" timestamp="19 Dec 2018 05:32:18 GMT" time="42.043" errors="0">
  <testcase name="validLoginTest" time="42.043" classname="com.training.sanity.tests.LoginTests"/>
</testsuite> <!-- com.training.sanity.tests.LoginTests -->
