<?xml version="1.0" encoding="UTF-8"?>
<!-- Generated by org.testng.reporters.JUnitReportReporter -->
<testsuite skipped="0" hostname="DESKTOP-5SL4C2D" name="com.training.sanity.tests.LoginToApplication" tests="1" failures="0" timestamp="11 Jan 2019 06:40:54 GMT" time="7.559" errors="0">
  <testcase name="adminLogin" time="7.559" classname="com.training.sanity.tests.LoginToApplication"/>
</testsuite> <!-- com.training.sanity.tests.LoginToApplication -->
