<?xml version="1.0" encoding="UTF-8"?>
<!-- Generated by org.testng.reporters.JUnitReportReporter -->
<testsuite skipped="0" hostname="DESKTOP-5SL4C2D" name="com.training.sanity.tests.MemberLogin" tests="1" failures="0" timestamp="02 Jan 2019 09:22:49 GMT" time="4.650" errors="0">
  <testcase name="memberLogin" time="4.650" classname="com.training.sanity.tests.MemberLogin"/>
</testsuite> <!-- com.training.sanity.tests.MemberLogin -->
