<?xml version="1.0" encoding="UTF-8"?>
<!-- Generated by org.testng.reporters.JUnitReportReporter -->
<testsuite skipped="0" hostname="DESKTOP-5SL4C2D" name="com.training.sanity.tests.AdminLogout" tests="2" failures="0" timestamp="04 Jan 2019 11:38:57 GMT" time="0.190" errors="0">
  <testcase name="adminLogout" time="0.088" classname="com.training.sanity.tests.AdminLogout"/>
  <testcase name="adminLogout" time="0.102" classname="com.training.sanity.tests.AdminLogout"/>
</testsuite> <!-- com.training.sanity.tests.AdminLogout -->
