<?xml version="1.0" encoding="UTF-8"?>
<!-- Generated by org.testng.reporters.JUnitReportReporter -->
<testsuite skipped="0" hostname="DESKTOP-5SL4C2D" name="com.training.sanity.tests.TestCaseID_CYTC_049" tests="1" failures="0" timestamp="30 Dec 2018 16:23:49 GMT" time="30.218" errors="0">
  <testcase name="testCase_ID_CYTC_049" time="30.218" classname="com.training.sanity.tests.TestCaseID_CYTC_049"/>
</testsuite> <!-- com.training.sanity.tests.TestCaseID_CYTC_049 -->
