<?xml version="1.0" encoding="UTF-8"?>
<!-- Generated by org.testng.reporters.JUnitReportReporter -->
<testsuite skipped="0" hostname="DESKTOP-5SL4C2D" name="com.training.sanity.tests.LaunchApp" tests="1" failures="0" timestamp="02 Jan 2019 10:09:29 GMT" time="1.487" errors="0">
  <testcase name="launchApplication" time="1.487" classname="com.training.sanity.tests.LaunchApp"/>
</testsuite> <!-- com.training.sanity.tests.LaunchApp -->
