<?xml version="1.0" encoding="UTF-8"?>
<!-- Generated by org.testng.reporters.JUnitReportReporter -->
<testsuite skipped="0" hostname="DESKTOP-5SL4C2D" name="com.training.sanity.tests.TestCaseID_CYTC_016" tests="1" failures="0" timestamp="21 Dec 2018 05:46:39 GMT" time="17.227" errors="0">
  <testcase name="testCase_ID_CYTC_016" time="17.227" classname="com.training.sanity.tests.TestCaseID_CYTC_016"/>
</testsuite> <!-- com.training.sanity.tests.TestCaseID_CYTC_016 -->
