<?xml version="1.0" encoding="UTF-8"?>
<!-- Generated by org.testng.reporters.JUnitReportReporter -->
<testsuite skipped="0" hostname="DESKTOP-5SL4C2D" name="com.training.sanity.tests.TestCaseID_CYTC_019" tests="2" failures="0" timestamp="04 Jan 2019 11:38:57 GMT" time="8.883" errors="0">
  <testcase name="testCase_ID_CYTC_019" time="4.928" classname="com.training.sanity.tests.TestCaseID_CYTC_019"/>
  <testcase name="testCase_ID_CYTC_019" time="3.955" classname="com.training.sanity.tests.TestCaseID_CYTC_019"/>
</testsuite> <!-- com.training.sanity.tests.TestCaseID_CYTC_019 -->
