<?xml version="1.0" encoding="UTF-8"?>
<!-- Generated by org.testng.reporters.JUnitReportReporter -->
<testsuite skipped="0" hostname="DESKTOP-5SL4C2D" name="com.training.regression.tests.TestCaseID_CYTC_080" tests="3" failures="0" timestamp="10 Jan 2019 12:44:25 GMT" time="14.621" errors="0">
  <testcase name="testCase_ID_CYTC_080" time="5.261" classname="com.training.regression.tests.TestCaseID_CYTC_080"/>
  <testcase name="testCase_ID_CYTC_080" time="4.404" classname="com.training.regression.tests.TestCaseID_CYTC_080"/>
  <testcase name="testCase_ID_CYTC_080" time="4.956" classname="com.training.regression.tests.TestCaseID_CYTC_080"/>
</testsuite> <!-- com.training.regression.tests.TestCaseID_CYTC_080 -->
