<?xml version="1.0" encoding="UTF-8"?>
<!-- Generated by org.testng.reporters.JUnitReportReporter -->
<testsuite skipped="0" hostname="DESKTOP-5SL4C2D" name="com.training.sanity.tests.TestCaseID_CYTC_046" tests="2" failures="0" timestamp="04 Jan 2019 11:38:56 GMT" time="26.524" errors="0">
  <testcase name="testCase_ID_CYTC_046" time="10.835" classname="com.training.sanity.tests.TestCaseID_CYTC_046"/>
  <testcase name="testCase_ID_CYTC_046" time="15.689" classname="com.training.sanity.tests.TestCaseID_CYTC_046"/>
</testsuite> <!-- com.training.sanity.tests.TestCaseID_CYTC_046 -->
