<?xml version="1.0" encoding="UTF-8"?>
<!-- Generated by org.testng.reporters.JUnitReportReporter -->
<testsuite skipped="0" hostname="DESKTOP-5SL4C2D" name="com.training.regression.tests.TestCaseID_CYTC_079" tests="3" failures="0" timestamp="10 Jan 2019 12:44:25 GMT" time="24.519" errors="0">
  <testcase name="testCase_ID_CYTC_079" time="7.757" classname="com.training.regression.tests.TestCaseID_CYTC_079"/>
  <testcase name="testCase_ID_CYTC_079" time="8.521" classname="com.training.regression.tests.TestCaseID_CYTC_079"/>
  <testcase name="testCase_ID_CYTC_079" time="8.241" classname="com.training.regression.tests.TestCaseID_CYTC_079"/>
</testsuite> <!-- com.training.regression.tests.TestCaseID_CYTC_079 -->
