<?xml version="1.0" encoding="UTF-8"?>
<!-- Generated by org.testng.reporters.JUnitReportReporter -->
<testsuite skipped="0" hostname="DESKTOP-5SL4C2D" name="com.training.regression.tests.TestCaseID_CYTC_077" tests="1" failures="0" timestamp="11 Jan 2019 06:40:54 GMT" time="7.037" errors="0">
  <testcase name="testCaseID_CYTC_077" time="7.037" classname="com.training.regression.tests.TestCaseID_CYTC_077"/>
</testsuite> <!-- com.training.regression.tests.TestCaseID_CYTC_077 -->
