<?xml version="1.0" encoding="UTF-8"?>
<!-- Generated by org.testng.reporters.JUnitReportReporter -->
<testsuite skipped="0" hostname="DESKTOP-5SL4C2D" name="com.training.sanity.tests.TestCaseID_CYTC_018" tests="2" failures="0" timestamp="04 Jan 2019 11:38:56 GMT" time="14.777" errors="0">
  <testcase name="testCase_ID_CYTC_018" time="4.981" classname="com.training.sanity.tests.TestCaseID_CYTC_018"/>
  <testcase name="testCase_ID_CYTC_018" time="9.796" classname="com.training.sanity.tests.TestCaseID_CYTC_018"/>
</testsuite> <!-- com.training.sanity.tests.TestCaseID_CYTC_018 -->
