<?xml version="1.0" encoding="UTF-8"?>
<!-- Generated by org.testng.reporters.JUnitReportReporter -->
<testsuite skipped="0" hostname="DESKTOP-5SL4C2D" name="com.training.regression.tests.TestCaseID_CYTC_076" tests="3" failures="0" timestamp="10 Jan 2019 12:44:25 GMT" time="16.847" errors="0">
  <testcase name="testCaseID_CYTC_076" time="6.585" classname="com.training.regression.tests.TestCaseID_CYTC_076"/>
  <testcase name="testCaseID_CYTC_076" time="4.962" classname="com.training.regression.tests.TestCaseID_CYTC_076"/>
  <testcase name="testCaseID_CYTC_076" time="5.300" classname="com.training.regression.tests.TestCaseID_CYTC_076"/>
</testsuite> <!-- com.training.regression.tests.TestCaseID_CYTC_076 -->
