<?xml version="1.0" encoding="UTF-8"?>
<!-- Generated by org.testng.reporters.JUnitReportReporter -->
<testsuite skipped="0" hostname="DESKTOP-5SL4C2D" name="com.training.regression.tests.TestCaseID_CYTC_078" tests="1" failures="0" timestamp="10 Jan 2019 12:44:25 GMT" time="10.779" errors="0">
  <testcase name="testCaseID_CYTC_078" time="10.779" classname="com.training.regression.tests.TestCaseID_CYTC_078"/>
</testsuite> <!-- com.training.regression.tests.TestCaseID_CYTC_078 -->
