<?xml version="1.0" encoding="UTF-8"?>
<!-- Generated by org.testng.reporters.JUnitReportReporter -->
<testsuite skipped="0" hostname="DESKTOP-5SL4C2D" name="com.training.regression.tests.LoginExcelTest" tests="1" failures="0" timestamp="07 Jan 2019 12:06:29 GMT" time="10.638" errors="0">
  <testcase name="loginDBTest" time="10.638" classname="com.training.regression.tests.LoginExcelTest"/>
</testsuite> <!-- com.training.regression.tests.LoginExcelTest -->
