<?xml version="1.0" encoding="UTF-8"?>
<!-- Generated by org.testng.reporters.JUnitReportReporter -->
<testsuite skipped="0" hostname="DESKTOP-5SL4C2D" name="com.training.sanity.tests.TestCaseID_CYTC_17" tests="1" failures="0" timestamp="20 Dec 2018 09:53:16 GMT" time="51.539" errors="0">
  <testcase name="testCase_ID_CYTC_017" time="51.539" classname="com.training.sanity.tests.TestCaseID_CYTC_17"/>
</testsuite> <!-- com.training.sanity.tests.TestCaseID_CYTC_17 -->
