<?xml version="1.0" encoding="UTF-8"?>
<!-- Generated by org.testng.reporters.JUnitReportReporter -->
<testsuite skipped="0" hostname="DESKTOP-5SL4C2D" name="com.training.sanity.tests.TestCaseID_CYTC_048" tests="1" failures="0" timestamp="30 Dec 2018 16:23:48 GMT" time="24.106" errors="0">
  <testcase name="testCase_ID_CYTC_048" time="24.106" classname="com.training.sanity.tests.TestCaseID_CYTC_048"/>
</testsuite> <!-- com.training.sanity.tests.TestCaseID_CYTC_048 -->
