<?xml version="1.0" encoding="UTF-8"?>
<!-- Generated by org.testng.reporters.JUnitReportReporter -->
<testsuite skipped="0" hostname="DESKTOP-5SL4C2D" name="com.training.sanity.tests.TestCaseID_CYTC_020" tests="2" failures="0" timestamp="04 Jan 2019 11:38:57 GMT" time="10.278" errors="0">
  <testcase name="testCase_ID_CYTC_020" time="5.264" classname="com.training.sanity.tests.TestCaseID_CYTC_020"/>
  <testcase name="testCase_ID_CYTC_020" time="5.014" classname="com.training.sanity.tests.TestCaseID_CYTC_020"/>
</testsuite> <!-- com.training.sanity.tests.TestCaseID_CYTC_020 -->
