<?xml version="1.0" encoding="UTF-8"?>
<!-- Generated by org.testng.reporters.JUnitReportReporter -->
<testsuite skipped="0" hostname="DESKTOP-5SL4C2D" name="com.training.sanity.tests.LoginTests" tests="1" failures="0" timestamp="07 Jan 2019 08:10:20 GMT" time="11.125" errors="0">
  <testcase name="validLoginTest" time="11.125" classname="com.training.sanity.tests.LoginTests"/>
</testsuite> <!-- com.training.sanity.tests.LoginTests -->
